ERROR - 2022-05-18 13:28:38 --> Unknown column 'impot.num_recepice' in 'field list'
CRITICAL - 2022-05-18 13:28:39 --> Call to a member function getResult() on bool
#0 /var/www/html/recette_fiscale/system/CodeIgniter.php(825): App\Controllers\SaisieController->afficherUnSaisie()
#1 /var/www/html/recette_fiscale/system/CodeIgniter.php(412): CodeIgniter\CodeIgniter->runController()
#2 /var/www/html/recette_fiscale/system/CodeIgniter.php(320): CodeIgniter\CodeIgniter->handleRequest()
#3 /var/www/html/recette_fiscale/index.php(37): CodeIgniter\CodeIgniter->run()
#4 {main}
ERROR - 2022-05-18 13:29:05 --> Unknown column 'impot.num_recepice' in 'field list'
CRITICAL - 2022-05-18 13:29:05 --> Call to a member function getResult() on bool
#0 /var/www/html/recette_fiscale/system/CodeIgniter.php(825): App\Controllers\SaisieController->afficherUnSaisie()
#1 /var/www/html/recette_fiscale/system/CodeIgniter.php(412): CodeIgniter\CodeIgniter->runController()
#2 /var/www/html/recette_fiscale/system/CodeIgniter.php(320): CodeIgniter\CodeIgniter->handleRequest()
#3 /var/www/html/recette_fiscale/index.php(37): CodeIgniter\CodeIgniter->run()
#4 {main}
CRITICAL - 2022-05-18 13:44:51 --> Call to a member function find() on int
#0 /var/www/html/recette_fiscale/system/CodeIgniter.php(825): App\Controllers\SaisieController->faireSaisie()
#1 /var/www/html/recette_fiscale/system/CodeIgniter.php(412): CodeIgniter\CodeIgniter->runController()
#2 /var/www/html/recette_fiscale/system/CodeIgniter.php(320): CodeIgniter\CodeIgniter->handleRequest()
#3 /var/www/html/recette_fiscale/index.php(37): CodeIgniter\CodeIgniter->run()
#4 {main}
ERROR - 2022-05-18 14:59:29 --> You have an error in your SQL syntax; check the manual that corresponds to your MySQL server version for the right syntax to use near 'FROM saisie INNER JOIN impot ON impot.num_impot=saisie.num_impot INNER JOIN nif ' at line 1
CRITICAL - 2022-05-18 14:59:29 --> Call to a member function getResult() on bool
#0 /var/www/html/recette_fiscale/system/CodeIgniter.php(825): App\Controllers\SaisieController->afficherUnSaisie()
#1 /var/www/html/recette_fiscale/system/CodeIgniter.php(412): CodeIgniter\CodeIgniter->runController()
#2 /var/www/html/recette_fiscale/system/CodeIgniter.php(320): CodeIgniter\CodeIgniter->handleRequest()
#3 /var/www/html/recette_fiscale/index.php(37): CodeIgniter\CodeIgniter->run()
#4 {main}
ERROR - 2022-05-18 14:59:53 --> You have an error in your SQL syntax; check the manual that corresponds to your MySQL server version for the right syntax to use near 'FROM saisie INNER JOIN impot ON impot.num_impot=saisie.num_impot INNER JOIN nif ' at line 1
CRITICAL - 2022-05-18 14:59:53 --> Call to a member function getResult() on bool
#0 /var/www/html/recette_fiscale/system/CodeIgniter.php(825): App\Controllers\SaisieController->afficherUnSaisie()
#1 /var/www/html/recette_fiscale/system/CodeIgniter.php(412): CodeIgniter\CodeIgniter->runController()
#2 /var/www/html/recette_fiscale/system/CodeIgniter.php(320): CodeIgniter\CodeIgniter->handleRequest()
#3 /var/www/html/recette_fiscale/index.php(37): CodeIgniter\CodeIgniter->run()
#4 {main}
